<?xml version="1.0" encoding="UTF-8"?>
<testng-results ignored="0" total="1" passed="1" failed="0" skipped="0">
  <reporter-output>
  </reporter-output>
  <suite started-at="2025-07-15T10:26:03 IST" name="Cucumber Test Suite" finished-at="2025-07-15T10:26:36 IST" duration-ms="33193">
    <groups>
      <group name="cucumber">
        <method signature="AbstractTestNGCucumberTests.runScenario(io.cucumber.testng.PickleWrapper,io.cucumber.testng.FeatureWrapper)[pri:0, instance:Runner.loginRunner@1e1d3956]" name="runScenario" class="io.cucumber.testng.AbstractTestNGCucumberTests"/>
      </group> <!-- cucumber -->
    </groups>
    <test started-at="2025-07-15T10:26:03 IST" name="Cucumber Test" finished-at="2025-07-15T10:26:36 IST" duration-ms="33193">
      <class name="Runner.loginRunner">
        <test-method is-config="true" signature="setUpClass(org.testng.ITestContext)[pri:0, instance:Runner.loginRunner@1e1d3956]" started-at="2025-07-15T10:26:03 IST" name="setUpClass" finished-at="2025-07-15T10:26:05 IST" duration-ms="1666" status="PASS">
          <params>
            <param index="0">
              <value>
                <![CDATA[org.testng.TestRunner@578d472a]]>
              </value>
            </param>
          </params>
          <reporter-output>
          </reporter-output>
        </test-method> <!-- setUpClass -->
        <test-method signature="runScenario(io.cucumber.testng.PickleWrapper,io.cucumber.testng.FeatureWrapper)[pri:0, instance:Runner.loginRunner@1e1d3956]" started-at="2025-07-15T10:26:05 IST" name="runScenario" description="Runs Cucumber Scenarios" data-provider="scenarios" finished-at="2025-07-15T10:26:36 IST" duration-ms="31383" status="PASS">
          <params>
            <param index="0">
              <value>
                <![CDATA["Login into page"]]>
              </value>
            </param>
            <param index="1">
              <value>
                <![CDATA["Title of your feature"]]>
              </value>
            </param>
          </params>
          <reporter-output>
          </reporter-output>
        </test-method> <!-- runScenario -->
        <test-method is-config="true" signature="tearDownClass()[pri:0, instance:Runner.loginRunner@1e1d3956]" started-at="2025-07-15T10:26:36 IST" name="tearDownClass" finished-at="2025-07-15T10:26:36 IST" duration-ms="3" status="PASS">
          <reporter-output>
          </reporter-output>
        </test-method> <!-- tearDownClass -->
      </class> <!-- Runner.loginRunner -->
    </test> <!-- Cucumber Test -->
  </suite> <!-- Cucumber Test Suite -->
</testng-results>
